<?xml version="1.0" encoding="UTF-8"?>
<!-- Generated by org.testng.reporters.JUnitReportReporter -->
<testsuite hostname="Upals-MacBook-Pro-2.local" failures="0" tests="1" name="com.qa.websturantstore.testCases.TC_VerifyAllProductsTitle" time="43.736" errors="0" timestamp="2023-02-03T05:52:00 CST" skipped="0">
  <testcase classname="com.qa.websturantstore.testCases.TC_VerifyAllProductsTitle" name="VerifyAllProducts" time="43.736"/>
  <system-out/>
</testsuite> <!-- com.qa.websturantstore.testCases.TC_VerifyAllProductsTitle -->
